[04-Jun-2020 10:45:39 Europe/Berlin] PHP Warning:  include_once(adminer.php): failed to open stream: Aucun fichier ou dossier de ce type in /home/xy/basic/web/adminer/index.php on line 39
[04-Jun-2020 10:45:39 Europe/Berlin] PHP Stack trace:
[04-Jun-2020 10:45:39 Europe/Berlin] PHP   1. {main}() /home/xy/basic/web/adminer/index.php:0
[04-Jun-2020 10:45:39 Europe/Berlin] PHP Warning:  include_once(): Failed opening 'adminer.php' for inclusion (include_path='.:/usr/share/php:/home/xy/basic/web/adminer:/home/xy/basic/web/adminer/plugins') in /home/xy/basic/web/adminer/index.php on line 39
[04-Jun-2020 10:45:39 Europe/Berlin] PHP Stack trace:
[04-Jun-2020 10:45:39 Europe/Berlin] PHP   1. {main}() /home/xy/basic/web/adminer/index.php:0
[04-Jun-2020 10:45:48 Europe/Berlin] PHP Fatal error:  Uncaught Error: Class 'AdminerDatabaseHide' not found in /home/xy/basic/web/adminer/index.php:24
Stack trace:
#0 /home/xy/basic/web/adminer/adminer.php(1662): adminer_object()
#1 /home/xy/basic/web/adminer/index.php(39): include_once('/home/xy/basic/...')
#2 {main}
  thrown in /home/xy/basic/web/adminer/index.php on line 24
[04-Jun-2020 10:45:57 Europe/Berlin] PHP Fatal error:  Uncaught Error: Class 'AdminerVersionNoverify' not found in /home/xy/basic/web/adminer/index.php:28
Stack trace:
#0 /home/xy/basic/web/adminer/adminer.php(1662): adminer_object()
#1 /home/xy/basic/web/adminer/index.php(39): include_once('/home/xy/basic/...')
#2 {main}
  thrown in /home/xy/basic/web/adminer/index.php on line 28
[04-Jun-2020 10:46:14 Europe/Berlin] PHP Warning:  Illegal string offset 'driver' in /home/xy/basic/web/adminer/plugins/login-servers.php on line 20
[04-Jun-2020 10:46:14 Europe/Berlin] PHP Stack trace:
[04-Jun-2020 10:46:14 Europe/Berlin] PHP   1. {main}() /home/xy/basic/web/adminer/index.php:0
[04-Jun-2020 10:46:14 Europe/Berlin] PHP   2. include_once() /home/xy/basic/web/adminer/index.php:39
[04-Jun-2020 10:46:14 Europe/Berlin] PHP   3. adminer_object() /home/xy/basic/web/adminer/adminer.php:1662
[04-Jun-2020 10:46:14 Europe/Berlin] PHP   4. AdminerLoginServers->__construct() /home/xy/basic/web/adminer/index.php:26
[04-Jun-2020 10:46:24 Europe/Berlin] PHP Warning:  Illegal string offset 'driver' in /home/xy/basic/web/adminer/plugins/login-servers.php on line 20
[04-Jun-2020 10:46:24 Europe/Berlin] PHP Stack trace:
[04-Jun-2020 10:46:24 Europe/Berlin] PHP   1. {main}() /home/xy/basic/web/adminer/index.php:0
[04-Jun-2020 10:46:24 Europe/Berlin] PHP   2. include_once() /home/xy/basic/web/adminer/index.php:39
[04-Jun-2020 10:46:24 Europe/Berlin] PHP   3. adminer_object() /home/xy/basic/web/adminer/adminer.php:1662
[04-Jun-2020 10:46:24 Europe/Berlin] PHP   4. AdminerLoginServers->__construct() /home/xy/basic/web/adminer/index.php:26
[04-Jun-2020 10:47:17 Europe/Berlin] PHP Warning:  Illegal string offset 'driver' in /home/xy/basic/web/adminer/plugins/login-servers.php on line 20
[04-Jun-2020 10:47:17 Europe/Berlin] PHP Stack trace:
[04-Jun-2020 10:47:17 Europe/Berlin] PHP   1. {main}() /home/xy/basic/web/adminer/index.php:0
[04-Jun-2020 10:47:17 Europe/Berlin] PHP   2. include_once() /home/xy/basic/web/adminer/index.php:39
[04-Jun-2020 10:47:17 Europe/Berlin] PHP   3. adminer_object() /home/xy/basic/web/adminer/adminer.php:1662
[04-Jun-2020 10:47:17 Europe/Berlin] PHP   4. AdminerLoginServers->__construct() /home/xy/basic/web/adminer/index.php:26
